0 info it worked if it ends with ok
1 verbose cli [ 'node', '/usr/local/bin/npm', 'install', 'growing-file' ]
2 info using npm@1.4.28
3 info using node@v0.10.33
4 verbose cache add [ 'growing-file', null ]
5 verbose cache add name=undefined spec="growing-file" args=["growing-file",null]
6 verbose parsed url { protocol: null,
6 verbose parsed url   slashes: null,
6 verbose parsed url   auth: null,
6 verbose parsed url   host: null,
6 verbose parsed url   port: null,
6 verbose parsed url   hostname: null,
6 verbose parsed url   hash: null,
6 verbose parsed url   search: null,
6 verbose parsed url   query: null,
6 verbose parsed url   pathname: 'growing-file',
6 verbose parsed url   path: 'growing-file',
6 verbose parsed url   href: 'growing-file' }
7 silly lockFile 9d7de455-growing-file growing-file
8 verbose lock growing-file /Users/grudkowm/.npm/9d7de455-growing-file.lock
9 silly lockFile 9d7de455-growing-file growing-file
10 silly lockFile 9d7de455-growing-file growing-file
11 verbose addNamed [ 'growing-file', '' ]
12 verbose addNamed [ null, '*' ]
13 silly lockFile 4648646e-growing-file growing-file@
14 verbose lock growing-file@ /Users/grudkowm/.npm/4648646e-growing-file.lock
15 silly addNameRange { name: 'growing-file', range: '*', hasData: false }
16 verbose request where is /growing-file
17 verbose request registry https://registry.npmjs.org/
18 verbose request id c415afd078843e2d
19 verbose url raw /growing-file
20 verbose url resolving [ 'https://registry.npmjs.org/', './growing-file' ]
21 verbose url resolved https://registry.npmjs.org/growing-file
22 verbose request where is https://registry.npmjs.org/growing-file
23 info trying registry request attempt 1 at 14:17:50
24 http GET https://registry.npmjs.org/growing-file
25 info retry will retry, error on last attempt: Error: socket hang up
26 info trying registry request attempt 2 at 14:18:00
27 http GET https://registry.npmjs.org/growing-file
28 info retry will retry, error on last attempt: Error: socket hang up
29 info trying registry request attempt 3 at 14:19:00
30 http GET https://registry.npmjs.org/growing-file
31 silly lockFile 4648646e-growing-file growing-file@
32 silly lockFile 4648646e-growing-file growing-file@
33 error network socket hang up
33 error network This is most likely not a problem with npm itself
33 error network and is related to network connectivity.
33 error network In most cases you are behind a proxy or have bad network settings.
33 error network
33 error network If you are behind a proxy, please make sure that the
33 error network 'proxy' config is set properly.  See: 'npm help config'
34 error System Darwin 14.0.0
35 error command "node" "/usr/local/bin/npm" "install" "growing-file"
36 error cwd /Users/grudkowm/Documents/repositories/nodejs-sandbox/modules
37 error node -v v0.10.33
38 error npm -v 1.4.28
39 error code ECONNRESET
40 verbose exit [ 1, true ]
